<?xml version="1.0" encoding="UTF-8"?>
<testng-results skipped="0" failed="0" total="0" passed="0">
  <reporter-output>
  </reporter-output>
  <suite name="QaPro" duration-ms="0" started-at="2019-03-31T17:42:05Z" finished-at="2019-03-31T17:42:05Z">
    <groups>
    </groups>
    <test name="==================aceBook SignUp testing using FirefoxTest===============" duration-ms="0" started-at="2019-03-31T17:42:05Z" finished-at="2019-03-31T17:42:05Z">
    </test> <!-- ==================aceBook SignUp testing using FirefoxTest=============== -->
    <test name=" =============FaceBook SignUp testing using ChtomeTest==================" duration-ms="0" started-at="2019-03-31T17:42:05Z" finished-at="2019-03-31T17:42:05Z">
    </test> <!--  =============FaceBook SignUp testing using ChtomeTest================== -->
  </suite> <!-- QaPro -->
</testng-results>
